android/app/build/intermediates/manifest_merge_blame_file/debug/manifest-merger-blame-debug-report.txt
1<?xml version="1.0" encoding="utf-8"?>
2<manifest xmlns:android="http://schemas.android.com/apk/res/android"
3    package="com.typescale"
4    android:versionCode="1"
5    android:versionName="1.0" >
6
7    <uses-sdk
8        android:minSdkVersion="21"
9        android:targetSdkVersion="34" />
10
11    <uses-permission android:name="android.permission.INTERNET" />
11-->src\main\AndroidManifest.xml:3:5-67
11-->src\main\AndroidManifest.xml:3:22-64
12    <uses-permission android:name="android.permission.WAKE_LOCK" />
12-->[:react-native-google-mobile-ads] AndroidManifest.xml:8:5-68
12-->[:react-native-google-mobile-ads] AndroidManifest.xml:8:22-65
13    <uses-permission android:name="android.permission.ACCESS_NETWORK_STATE" />
13-->[:react-native-google-mobile-ads] AndroidManifest.xml:9:5-79
13-->[:react-native-google-mobile-ads] AndroidManifest.xml:9:22-76
14    <!--
15    This manifest file is used only by Gradle to configure debug-only capabilities
16    for React Native Apps.
17    -->
18    <uses-permission android:name="android.permission.SYSTEM_ALERT_WINDOW" />
18-->[com.facebook.react:react-android:0.73.1] AndroidManifest.xml:16:5-78
18-->[com.facebook.react:react-android:0.73.1] AndroidManifest.xml:16:22-75
19    <uses-permission android:name="android.permission.ACCESS_WIFI_STATE" />
19-->[com.facebook.flipper:flipper:0.201.0] AndroidManifest.xml:14:5-76
19-->[com.facebook.flipper:flipper:0.201.0] AndroidManifest.xml:14:22-73
20    <uses-permission android:name="com.google.android.gms.permission.AD_ID" />
20-->[com.google.android.gms:play-services-ads-lite:22.5.0] AndroidManifest.xml:26:5-79
20-->[com.google.android.gms:play-services-ads-lite:22.5.0] AndroidManifest.xml:26:22-76
21    <uses-permission android:name="android.permission.ACCESS_ADSERVICES_AD_ID" />
21-->[com.google.android.gms:play-services-ads-lite:22.5.0] AndroidManifest.xml:27:5-82
21-->[com.google.android.gms:play-services-ads-lite:22.5.0] AndroidManifest.xml:27:22-79
22    <uses-permission android:name="android.permission.ACCESS_ADSERVICES_ATTRIBUTION" />
22-->[com.google.android.gms:play-services-ads-lite:22.5.0] AndroidManifest.xml:28:5-88
22-->[com.google.android.gms:play-services-ads-lite:22.5.0] AndroidManifest.xml:28:22-85
23    <uses-permission android:name="android.permission.ACCESS_ADSERVICES_TOPICS" /> <!-- Android package visibility setting -->
23-->[com.google.android.gms:play-services-ads-lite:22.5.0] AndroidManifest.xml:29:5-83
23-->[com.google.android.gms:play-services-ads-lite:22.5.0] AndroidManifest.xml:29:22-80
24    <queries>
24-->[com.google.android.gms:play-services-ads-lite:22.5.0] AndroidManifest.xml:35:5-51:15
25
26        <!-- For browser content -->
27        <intent>
27-->[com.google.android.gms:play-services-ads-lite:22.5.0] AndroidManifest.xml:38:9-44:18
28            <action android:name="android.intent.action.VIEW" />
28-->[com.google.android.gms:play-services-ads-lite:22.5.0] AndroidManifest.xml:39:13-65
28-->[com.google.android.gms:play-services-ads-lite:22.5.0] AndroidManifest.xml:39:21-62
29
30            <category android:name="android.intent.category.BROWSABLE" />
30-->[com.google.android.gms:play-services-ads-lite:22.5.0] AndroidManifest.xml:41:13-74
30-->[com.google.android.gms:play-services-ads-lite:22.5.0] AndroidManifest.xml:41:23-71
31
32            <data android:scheme="https" />
32-->[com.google.android.gms:play-services-ads-lite:22.5.0] AndroidManifest.xml:43:13-44
32-->[com.google.android.gms:play-services-ads-lite:22.5.0] AndroidManifest.xml:43:19-41
33        </intent>
34        <!-- End of browser content -->
35        <!-- For CustomTabsService -->
36        <intent>
36-->[com.google.android.gms:play-services-ads-lite:22.5.0] AndroidManifest.xml:47:9-49:18
37            <action android:name="android.support.customtabs.action.CustomTabsService" />
37-->[com.google.android.gms:play-services-ads-lite:22.5.0] AndroidManifest.xml:48:13-90
37-->[com.google.android.gms:play-services-ads-lite:22.5.0] AndroidManifest.xml:48:21-87
38        </intent>
39        <!-- End of CustomTabsService -->
40    </queries>
41
42    <uses-permission android:name="android.permission.FOREGROUND_SERVICE" />
42-->[androidx.work:work-runtime:2.7.0] AndroidManifest.xml:28:5-77
42-->[androidx.work:work-runtime:2.7.0] AndroidManifest.xml:28:22-74
43
44    <permission
44-->[androidx.core:core:1.9.0] AndroidManifest.xml:22:5-24:47
45        android:name="com.typescale.DYNAMIC_RECEIVER_NOT_EXPORTED_PERMISSION"
45-->[androidx.core:core:1.9.0] AndroidManifest.xml:23:9-81
46        android:protectionLevel="signature" />
46-->[androidx.core:core:1.9.0] AndroidManifest.xml:24:9-44
47
48    <uses-permission android:name="com.typescale.DYNAMIC_RECEIVER_NOT_EXPORTED_PERMISSION" />
48-->[androidx.core:core:1.9.0] AndroidManifest.xml:26:5-97
48-->[androidx.core:core:1.9.0] AndroidManifest.xml:26:22-94
49
50    <application
50-->src\main\AndroidManifest.xml:5:5-24:19
51        android:name="com.typescale.MainApplication"
51-->src\main\AndroidManifest.xml:6:7-38
52        android:allowBackup="false"
52-->src\main\AndroidManifest.xml:10:7-34
53        android:appComponentFactory="androidx.core.app.CoreComponentFactory"
53-->[androidx.core:core:1.9.0] AndroidManifest.xml:28:18-86
54        android:debuggable="true"
55        android:extractNativeLibs="true"
56        android:icon="@mipmap/ic_launcher"
56-->src\main\AndroidManifest.xml:8:7-41
57        android:label="@string/app_name"
57-->src\main\AndroidManifest.xml:7:7-39
58        android:roundIcon="@mipmap/ic_launcher_round"
58-->src\main\AndroidManifest.xml:9:7-52
59        android:theme="@style/AppTheme"
59-->src\main\AndroidManifest.xml:11:7-38
60        android:usesCleartextTraffic="true" >
60-->src\debug\AndroidManifest.xml:6:9-44
61        <activity
61-->src\main\AndroidManifest.xml:12:7-23:18
62            android:name="com.typescale.MainActivity"
62-->src\main\AndroidManifest.xml:13:9-37
63            android:configChanges="keyboard|keyboardHidden|orientation|screenLayout|screenSize|smallestScreenSize|uiMode"
63-->src\main\AndroidManifest.xml:15:9-118
64            android:exported="true"
64-->src\main\AndroidManifest.xml:18:9-32
65            android:label="@string/app_name"
65-->src\main\AndroidManifest.xml:14:9-41
66            android:launchMode="singleTask"
66-->src\main\AndroidManifest.xml:16:9-40
67            android:windowSoftInputMode="adjustResize" >
67-->src\main\AndroidManifest.xml:17:9-51
68            <intent-filter>
68-->src\main\AndroidManifest.xml:19:9-22:25
69                <action android:name="android.intent.action.MAIN" />
69-->src\main\AndroidManifest.xml:20:13-65
69-->src\main\AndroidManifest.xml:20:21-62
70
71                <category android:name="android.intent.category.LAUNCHER" />
71-->src\main\AndroidManifest.xml:21:13-73
71-->src\main\AndroidManifest.xml:21:23-70
72            </intent-filter>
73        </activity>
74
75        <meta-data
75-->[:react-native-google-mobile-ads] AndroidManifest.xml:12:9-14:70
76            android:name="com.google.android.gms.ads.APPLICATION_ID"
76-->[:react-native-google-mobile-ads] AndroidManifest.xml:13:13-69
77            android:value="ca-app-pub-6894027622437664~3103805329" />
77-->[:react-native-google-mobile-ads] AndroidManifest.xml:14:13-67
78        <meta-data
78-->[:react-native-google-mobile-ads] AndroidManifest.xml:15:9-17:37
79            android:name="com.google.android.gms.ads.DELAY_APP_MEASUREMENT_INIT"
79-->[:react-native-google-mobile-ads] AndroidManifest.xml:16:13-81
80            android:value="false" />
80-->[:react-native-google-mobile-ads] AndroidManifest.xml:17:13-34
81        <meta-data
81-->[:react-native-google-mobile-ads] AndroidManifest.xml:18:9-20:36
82            android:name="com.google.android.gms.ads.flag.OPTIMIZE_INITIALIZATION"
82-->[:react-native-google-mobile-ads] AndroidManifest.xml:19:13-83
83            android:value="true" />
83-->[:react-native-google-mobile-ads] AndroidManifest.xml:20:13-33
84        <meta-data
84-->[:react-native-google-mobile-ads] AndroidManifest.xml:21:9-23:36
85            android:name="com.google.android.gms.ads.flag.OPTIMIZE_AD_LOADING"
85-->[:react-native-google-mobile-ads] AndroidManifest.xml:22:13-79
86            android:value="true" />
86-->[:react-native-google-mobile-ads] AndroidManifest.xml:23:13-33
87
88        <activity
88-->[com.facebook.react:react-android:0.73.1] AndroidManifest.xml:19:9-21:40
89            android:name="com.facebook.react.devsupport.DevSettingsActivity"
89-->[com.facebook.react:react-android:0.73.1] AndroidManifest.xml:20:13-77
90            android:exported="false" />
90-->[com.facebook.react:react-android:0.73.1] AndroidManifest.xml:21:13-37
91
92        <uses-library
92-->[androidx.privacysandbox.ads:ads-adservices:1.0.0-beta05] AndroidManifest.xml:23:9-25:40
93            android:name="android.ext.adservices"
93-->[androidx.privacysandbox.ads:ads-adservices:1.0.0-beta05] AndroidManifest.xml:24:13-50
94            android:required="false" /> <!-- Include the AdActivity and InAppPurchaseActivity configChanges and themes. -->
94-->[androidx.privacysandbox.ads:ads-adservices:1.0.0-beta05] AndroidManifest.xml:25:13-37
95        <activity
95-->[com.google.android.gms:play-services-ads-lite:22.5.0] AndroidManifest.xml:56:9-61:43
96            android:name="com.google.android.gms.ads.AdActivity"
96-->[com.google.android.gms:play-services-ads-lite:22.5.0] AndroidManifest.xml:57:13-65
97            android:configChanges="keyboard|keyboardHidden|orientation|screenLayout|uiMode|screenSize|smallestScreenSize"
97-->[com.google.android.gms:play-services-ads-lite:22.5.0] AndroidManifest.xml:58:13-122
98            android:exported="false"
98-->[com.google.android.gms:play-services-ads-lite:22.5.0] AndroidManifest.xml:59:13-37
99            android:theme="@android:style/Theme.Translucent" />
99-->[com.google.android.gms:play-services-ads-lite:22.5.0] AndroidManifest.xml:60:13-61
100
101        <provider
101-->[com.google.android.gms:play-services-ads-lite:22.5.0] AndroidManifest.xml:63:9-68:43
102            android:name="com.google.android.gms.ads.MobileAdsInitProvider"
102-->[com.google.android.gms:play-services-ads-lite:22.5.0] AndroidManifest.xml:64:13-76
103            android:authorities="com.typescale.mobileadsinitprovider"
103-->[com.google.android.gms:play-services-ads-lite:22.5.0] AndroidManifest.xml:65:13-73
104            android:exported="false"
104-->[com.google.android.gms:play-services-ads-lite:22.5.0] AndroidManifest.xml:66:13-37
105            android:initOrder="100" />
105-->[com.google.android.gms:play-services-ads-lite:22.5.0] AndroidManifest.xml:67:13-36
106
107        <service
107-->[com.google.android.gms:play-services-ads-lite:22.5.0] AndroidManifest.xml:70:9-74:43
108            android:name="com.google.android.gms.ads.AdService"
108-->[com.google.android.gms:play-services-ads-lite:22.5.0] AndroidManifest.xml:71:13-64
109            android:enabled="true"
109-->[com.google.android.gms:play-services-ads-lite:22.5.0] AndroidManifest.xml:72:13-35
110            android:exported="false" />
110-->[com.google.android.gms:play-services-ads-lite:22.5.0] AndroidManifest.xml:73:13-37
111
112        <activity
112-->[com.google.android.gms:play-services-ads-lite:22.5.0] AndroidManifest.xml:76:9-80:43
113            android:name="com.google.android.gms.ads.OutOfContextTestingActivity"
113-->[com.google.android.gms:play-services-ads-lite:22.5.0] AndroidManifest.xml:77:13-82
114            android:configChanges="keyboard|keyboardHidden|orientation|screenLayout|uiMode|screenSize|smallestScreenSize"
114-->[com.google.android.gms:play-services-ads-lite:22.5.0] AndroidManifest.xml:78:13-122
115            android:exported="false" />
115-->[com.google.android.gms:play-services-ads-lite:22.5.0] AndroidManifest.xml:79:13-37
116
117        <property
117-->[com.google.android.gms:play-services-ads-lite:22.5.0] AndroidManifest.xml:82:9-84:62
118            android:name="android.adservices.AD_SERVICES_CONFIG"
118-->[com.google.android.gms:play-services-ads-lite:22.5.0] AndroidManifest.xml:83:13-65
119            android:resource="@xml/gma_ad_services_config" />
119-->[com.google.android.gms:play-services-ads-lite:22.5.0] AndroidManifest.xml:84:13-59
120
121        <activity
121-->[com.google.android.gms:play-services-base:18.0.0] AndroidManifest.xml:20:9-22:45
122            android:name="com.google.android.gms.common.api.GoogleApiActivity"
122-->[com.google.android.gms:play-services-base:18.0.0] AndroidManifest.xml:20:19-85
123            android:exported="false"
123-->[com.google.android.gms:play-services-base:18.0.0] AndroidManifest.xml:22:19-43
124            android:theme="@android:style/Theme.Translucent.NoTitleBar" />
124-->[com.google.android.gms:play-services-base:18.0.0] AndroidManifest.xml:21:19-78
125
126        <meta-data
126-->[com.google.android.gms:play-services-basement:18.2.0] AndroidManifest.xml:21:9-23:69
127            android:name="com.google.android.gms.version"
127-->[com.google.android.gms:play-services-basement:18.2.0] AndroidManifest.xml:22:13-58
128            android:value="@integer/google_play_services_version" />
128-->[com.google.android.gms:play-services-basement:18.2.0] AndroidManifest.xml:23:13-66
129
130        <provider
130-->[androidx.emoji2:emoji2:1.2.0] AndroidManifest.xml:24:9-32:20
131            android:name="androidx.startup.InitializationProvider"
131-->[androidx.emoji2:emoji2:1.2.0] AndroidManifest.xml:25:13-67
132            android:authorities="com.typescale.androidx-startup"
132-->[androidx.emoji2:emoji2:1.2.0] AndroidManifest.xml:26:13-68
133            android:exported="false" >
133-->[androidx.emoji2:emoji2:1.2.0] AndroidManifest.xml:27:13-37
134            <meta-data
134-->[androidx.emoji2:emoji2:1.2.0] AndroidManifest.xml:29:13-31:52
135                android:name="androidx.emoji2.text.EmojiCompatInitializer"
135-->[androidx.emoji2:emoji2:1.2.0] AndroidManifest.xml:30:17-75
136                android:value="androidx.startup" />
136-->[androidx.emoji2:emoji2:1.2.0] AndroidManifest.xml:31:17-49
137            <meta-data
137-->[androidx.lifecycle:lifecycle-process:2.4.1] AndroidManifest.xml:31:13-33:52
138                android:name="androidx.lifecycle.ProcessLifecycleInitializer"
138-->[androidx.lifecycle:lifecycle-process:2.4.1] AndroidManifest.xml:32:17-78
139                android:value="androidx.startup" />
139-->[androidx.lifecycle:lifecycle-process:2.4.1] AndroidManifest.xml:33:17-49
140            <meta-data
140-->[androidx.work:work-runtime:2.7.0] AndroidManifest.xml:36:13-38:52
141                android:name="androidx.work.WorkManagerInitializer"
141-->[androidx.work:work-runtime:2.7.0] AndroidManifest.xml:37:17-68
142                android:value="androidx.startup" />
142-->[androidx.work:work-runtime:2.7.0] AndroidManifest.xml:38:17-49
143        </provider>
144
145        <service
145-->[androidx.work:work-runtime:2.7.0] AndroidManifest.xml:41:9-46:35
146            android:name="androidx.work.impl.background.systemalarm.SystemAlarmService"
146-->[androidx.work:work-runtime:2.7.0] AndroidManifest.xml:42:13-88
147            android:directBootAware="false"
147-->[androidx.work:work-runtime:2.7.0] AndroidManifest.xml:43:13-44
148            android:enabled="@bool/enable_system_alarm_service_default"
148-->[androidx.work:work-runtime:2.7.0] AndroidManifest.xml:44:13-72
149            android:exported="false" />
149-->[androidx.work:work-runtime:2.7.0] AndroidManifest.xml:45:13-37
150        <service
150-->[androidx.work:work-runtime:2.7.0] AndroidManifest.xml:47:9-53:35
151            android:name="androidx.work.impl.background.systemjob.SystemJobService"
151-->[androidx.work:work-runtime:2.7.0] AndroidManifest.xml:48:13-84
152            android:directBootAware="false"
152-->[androidx.work:work-runtime:2.7.0] AndroidManifest.xml:49:13-44
153            android:enabled="@bool/enable_system_job_service_default"
153-->[androidx.work:work-runtime:2.7.0] AndroidManifest.xml:50:13-70
154            android:exported="true"
154-->[androidx.work:work-runtime:2.7.0] AndroidManifest.xml:51:13-36
155            android:permission="android.permission.BIND_JOB_SERVICE" />
155-->[androidx.work:work-runtime:2.7.0] AndroidManifest.xml:52:13-69
156        <service
156-->[androidx.work:work-runtime:2.7.0] AndroidManifest.xml:54:9-59:35
157            android:name="androidx.work.impl.foreground.SystemForegroundService"
157-->[androidx.work:work-runtime:2.7.0] AndroidManifest.xml:55:13-81
158            android:directBootAware="false"
158-->[androidx.work:work-runtime:2.7.0] AndroidManifest.xml:56:13-44
159            android:enabled="@bool/enable_system_foreground_service_default"
159-->[androidx.work:work-runtime:2.7.0] AndroidManifest.xml:57:13-77
160            android:exported="false" />
160-->[androidx.work:work-runtime:2.7.0] AndroidManifest.xml:58:13-37
161
162        <receiver
162-->[androidx.work:work-runtime:2.7.0] AndroidManifest.xml:61:9-66:35
163            android:name="androidx.work.impl.utils.ForceStopRunnable$BroadcastReceiver"
163-->[androidx.work:work-runtime:2.7.0] AndroidManifest.xml:62:13-88
164            android:directBootAware="false"
164-->[androidx.work:work-runtime:2.7.0] AndroidManifest.xml:63:13-44
165            android:enabled="true"
165-->[androidx.work:work-runtime:2.7.0] AndroidManifest.xml:64:13-35
166            android:exported="false" />
166-->[androidx.work:work-runtime:2.7.0] AndroidManifest.xml:65:13-37
167        <receiver
167-->[androidx.work:work-runtime:2.7.0] AndroidManifest.xml:67:9-77:20
168            android:name="androidx.work.impl.background.systemalarm.ConstraintProxy$BatteryChargingProxy"
168-->[androidx.work:work-runtime:2.7.0] AndroidManifest.xml:68:13-106
169            android:directBootAware="false"
169-->[androidx.work:work-runtime:2.7.0] AndroidManifest.xml:69:13-44
170            android:enabled="false"
170-->[androidx.work:work-runtime:2.7.0] AndroidManifest.xml:70:13-36
171            android:exported="false" >
171-->[androidx.work:work-runtime:2.7.0] AndroidManifest.xml:71:13-37
172            <intent-filter>
172-->[androidx.work:work-runtime:2.7.0] AndroidManifest.xml:73:13-76:29
173                <action android:name="android.intent.action.ACTION_POWER_CONNECTED" />
173-->[androidx.work:work-runtime:2.7.0] AndroidManifest.xml:74:17-87
173-->[androidx.work:work-runtime:2.7.0] AndroidManifest.xml:74:25-84
174                <action android:name="android.intent.action.ACTION_POWER_DISCONNECTED" />
174-->[androidx.work:work-runtime:2.7.0] AndroidManifest.xml:75:17-90
174-->[androidx.work:work-runtime:2.7.0] AndroidManifest.xml:75:25-87
175            </intent-filter>
176        </receiver>
177        <receiver
177-->[androidx.work:work-runtime:2.7.0] AndroidManifest.xml:78:9-88:20
178            android:name="androidx.work.impl.background.systemalarm.ConstraintProxy$BatteryNotLowProxy"
178-->[androidx.work:work-runtime:2.7.0] AndroidManifest.xml:79:13-104
179            android:directBootAware="false"
179-->[androidx.work:work-runtime:2.7.0] AndroidManifest.xml:80:13-44
180            android:enabled="false"
180-->[androidx.work:work-runtime:2.7.0] AndroidManifest.xml:81:13-36
181            android:exported="false" >
181-->[androidx.work:work-runtime:2.7.0] AndroidManifest.xml:82:13-37
182            <intent-filter>
182-->[androidx.work:work-runtime:2.7.0] AndroidManifest.xml:84:13-87:29
183                <action android:name="android.intent.action.BATTERY_OKAY" />
183-->[androidx.work:work-runtime:2.7.0] AndroidManifest.xml:85:17-77
183-->[androidx.work:work-runtime:2.7.0] AndroidManifest.xml:85:25-74
184                <action android:name="android.intent.action.BATTERY_LOW" />
184-->[androidx.work:work-runtime:2.7.0] AndroidManifest.xml:86:17-76
184-->[androidx.work:work-runtime:2.7.0] AndroidManifest.xml:86:25-73
185            </intent-filter>
186        </receiver>
187        <receiver
187-->[androidx.work:work-runtime:2.7.0] AndroidManifest.xml:89:9-99:20
188            android:name="androidx.work.impl.background.systemalarm.ConstraintProxy$StorageNotLowProxy"
188-->[androidx.work:work-runtime:2.7.0] AndroidManifest.xml:90:13-104
189            android:directBootAware="false"
189-->[androidx.work:work-runtime:2.7.0] AndroidManifest.xml:91:13-44
190            android:enabled="false"
190-->[androidx.work:work-runtime:2.7.0] AndroidManifest.xml:92:13-36
191            android:exported="false" >
191-->[androidx.work:work-runtime:2.7.0] AndroidManifest.xml:93:13-37
192            <intent-filter>
192-->[androidx.work:work-runtime:2.7.0] AndroidManifest.xml:95:13-98:29
193                <action android:name="android.intent.action.DEVICE_STORAGE_LOW" />
193-->[androidx.work:work-runtime:2.7.0] AndroidManifest.xml:96:17-83
193-->[androidx.work:work-runtime:2.7.0] AndroidManifest.xml:96:25-80
194                <action android:name="android.intent.action.DEVICE_STORAGE_OK" />
194-->[androidx.work:work-runtime:2.7.0] AndroidManifest.xml:97:17-82
194-->[androidx.work:work-runtime:2.7.0] AndroidManifest.xml:97:25-79
195            </intent-filter>
196        </receiver>
197        <receiver
197-->[androidx.work:work-runtime:2.7.0] AndroidManifest.xml:100:9-109:20
198            android:name="androidx.work.impl.background.systemalarm.ConstraintProxy$NetworkStateProxy"
198-->[androidx.work:work-runtime:2.7.0] AndroidManifest.xml:101:13-103
199            android:directBootAware="false"
199-->[androidx.work:work-runtime:2.7.0] AndroidManifest.xml:102:13-44
200            android:enabled="false"
200-->[androidx.work:work-runtime:2.7.0] AndroidManifest.xml:103:13-36
201            android:exported="false" >
201-->[androidx.work:work-runtime:2.7.0] AndroidManifest.xml:104:13-37
202            <intent-filter>
202-->[androidx.work:work-runtime:2.7.0] AndroidManifest.xml:106:13-108:29
203                <action android:name="android.net.conn.CONNECTIVITY_CHANGE" />
203-->[androidx.work:work-runtime:2.7.0] AndroidManifest.xml:107:17-79
203-->[androidx.work:work-runtime:2.7.0] AndroidManifest.xml:107:25-76
204            </intent-filter>
205        </receiver>
206        <receiver
206-->[androidx.work:work-runtime:2.7.0] AndroidManifest.xml:110:9-121:20
207            android:name="androidx.work.impl.background.systemalarm.RescheduleReceiver"
207-->[androidx.work:work-runtime:2.7.0] AndroidManifest.xml:111:13-88
208            android:directBootAware="false"
208-->[androidx.work:work-runtime:2.7.0] AndroidManifest.xml:112:13-44
209            android:enabled="false"
209-->[androidx.work:work-runtime:2.7.0] AndroidManifest.xml:113:13-36
210            android:exported="false" >
210-->[androidx.work:work-runtime:2.7.0] AndroidManifest.xml:114:13-37
211            <intent-filter>
211-->[androidx.work:work-runtime:2.7.0] AndroidManifest.xml:116:13-120:29
212                <action android:name="android.intent.action.BOOT_COMPLETED" />
212-->[androidx.work:work-runtime:2.7.0] AndroidManifest.xml:117:17-79
212-->[androidx.work:work-runtime:2.7.0] AndroidManifest.xml:117:25-76
213                <action android:name="android.intent.action.TIME_SET" />
213-->[androidx.work:work-runtime:2.7.0] AndroidManifest.xml:118:17-73
213-->[androidx.work:work-runtime:2.7.0] AndroidManifest.xml:118:25-70
214                <action android:name="android.intent.action.TIMEZONE_CHANGED" />
214-->[androidx.work:work-runtime:2.7.0] AndroidManifest.xml:119:17-81
214-->[androidx.work:work-runtime:2.7.0] AndroidManifest.xml:119:25-78
215            </intent-filter>
216        </receiver>
217        <receiver
217-->[androidx.work:work-runtime:2.7.0] AndroidManifest.xml:122:9-131:20
218            android:name="androidx.work.impl.background.systemalarm.ConstraintProxyUpdateReceiver"
218-->[androidx.work:work-runtime:2.7.0] AndroidManifest.xml:123:13-99
219            android:directBootAware="false"
219-->[androidx.work:work-runtime:2.7.0] AndroidManifest.xml:124:13-44
220            android:enabled="@bool/enable_system_alarm_service_default"
220-->[androidx.work:work-runtime:2.7.0] AndroidManifest.xml:125:13-72
221            android:exported="false" >
221-->[androidx.work:work-runtime:2.7.0] AndroidManifest.xml:126:13-37
222            <intent-filter>
222-->[androidx.work:work-runtime:2.7.0] AndroidManifest.xml:128:13-130:29
223                <action android:name="androidx.work.impl.background.systemalarm.UpdateProxies" />
223-->[androidx.work:work-runtime:2.7.0] AndroidManifest.xml:129:17-98
223-->[androidx.work:work-runtime:2.7.0] AndroidManifest.xml:129:25-95
224            </intent-filter>
225        </receiver>
226        <receiver
226-->[androidx.work:work-runtime:2.7.0] AndroidManifest.xml:132:9-142:20
227            android:name="androidx.work.impl.diagnostics.DiagnosticsReceiver"
227-->[androidx.work:work-runtime:2.7.0] AndroidManifest.xml:133:13-78
228            android:directBootAware="false"
228-->[androidx.work:work-runtime:2.7.0] AndroidManifest.xml:134:13-44
229            android:enabled="true"
229-->[androidx.work:work-runtime:2.7.0] AndroidManifest.xml:135:13-35
230            android:exported="true"
230-->[androidx.work:work-runtime:2.7.0] AndroidManifest.xml:136:13-36
231            android:permission="android.permission.DUMP" >
231-->[androidx.work:work-runtime:2.7.0] AndroidManifest.xml:137:13-57
232            <intent-filter>
232-->[androidx.work:work-runtime:2.7.0] AndroidManifest.xml:139:13-141:29
233                <action android:name="androidx.work.diagnostics.REQUEST_DIAGNOSTICS" />
233-->[androidx.work:work-runtime:2.7.0] AndroidManifest.xml:140:17-88
233-->[androidx.work:work-runtime:2.7.0] AndroidManifest.xml:140:25-85
234            </intent-filter>
235        </receiver>
236
237        <service
237-->[androidx.room:room-runtime:2.2.5] AndroidManifest.xml:25:9-28:40
238            android:name="androidx.room.MultiInstanceInvalidationService"
238-->[androidx.room:room-runtime:2.2.5] AndroidManifest.xml:26:13-74
239            android:directBootAware="true"
239-->[androidx.room:room-runtime:2.2.5] AndroidManifest.xml:27:13-43
240            android:exported="false" />
240-->[androidx.room:room-runtime:2.2.5] AndroidManifest.xml:28:13-37
241
242        <meta-data
242-->[com.facebook.soloader:soloader:0.10.5] AndroidManifest.xml:12:9-14:37
243            android:name="com.facebook.soloader.enabled"
243-->[com.facebook.soloader:soloader:0.10.5] AndroidManifest.xml:13:13-57
244            android:value="false" />
244-->[com.facebook.soloader:soloader:0.10.5] AndroidManifest.xml:14:13-34
245    </application>
246
247</manifest>